[0.348s] Invoking command in '/home/edgar/ros2_ws/src/my_robot_controller': PYTHONPATH=/home/edgar/ros2_ws/src/build/my_robot_controller/prefix_override:/usr/lib/python3/dist-packages/colcon_core/task/python/colcon_distutils_commands:/home/edgar/ros2_ws/src/install/my_robot_controller/lib/python3.10/site-packages:${PYTHONPATH} /usr/bin/python3 -W ignore:setup.py install is deprecated -W ignore:easy_install command is deprecated setup.py egg_info --egg-base ../build/my_robot_controller build --build-base /home/edgar/ros2_ws/src/build/my_robot_controller/build install --record /home/edgar/ros2_ws/src/build/my_robot_controller/install.log --single-version-externally-managed install_data
[0.487s] running egg_info
[0.487s] creating ../build/my_robot_controller/my_robot_controller.egg-info
[0.487s] writing ../build/my_robot_controller/my_robot_controller.egg-info/PKG-INFO
[0.487s] writing dependency_links to ../build/my_robot_controller/my_robot_controller.egg-info/dependency_links.txt
[0.487s] writing entry points to ../build/my_robot_controller/my_robot_controller.egg-info/entry_points.txt
[0.487s] writing requirements to ../build/my_robot_controller/my_robot_controller.egg-info/requires.txt
[0.487s] writing top-level names to ../build/my_robot_controller/my_robot_controller.egg-info/top_level.txt
[0.488s] writing manifest file '../build/my_robot_controller/my_robot_controller.egg-info/SOURCES.txt'
[0.488s] reading manifest file '../build/my_robot_controller/my_robot_controller.egg-info/SOURCES.txt'
[0.489s] writing manifest file '../build/my_robot_controller/my_robot_controller.egg-info/SOURCES.txt'
[0.489s] running build
[0.489s] running build_py
[0.489s] creating /home/edgar/ros2_ws/src/build/my_robot_controller/build
[0.489s] creating /home/edgar/ros2_ws/src/build/my_robot_controller/build/lib
[0.489s] creating /home/edgar/ros2_ws/src/build/my_robot_controller/build/lib/my_robot_controller
[0.489s] copying my_robot_controller/__init__.py -> /home/edgar/ros2_ws/src/build/my_robot_controller/build/lib/my_robot_controller
[0.489s] copying my_robot_controller/draw_circle.py -> /home/edgar/ros2_ws/src/build/my_robot_controller/build/lib/my_robot_controller
[0.489s] copying my_robot_controller/my_first_node.py -> /home/edgar/ros2_ws/src/build/my_robot_controller/build/lib/my_robot_controller
[0.490s] copying my_robot_controller/pose_subscriber.py -> /home/edgar/ros2_ws/src/build/my_robot_controller/build/lib/my_robot_controller
[0.490s] running install
[0.490s] running install_lib
[0.490s] creating /home/edgar/ros2_ws/src/install/my_robot_controller/lib/python3.10/site-packages/my_robot_controller
[0.490s] copying /home/edgar/ros2_ws/src/build/my_robot_controller/build/lib/my_robot_controller/__init__.py -> /home/edgar/ros2_ws/src/install/my_robot_controller/lib/python3.10/site-packages/my_robot_controller
[0.490s] copying /home/edgar/ros2_ws/src/build/my_robot_controller/build/lib/my_robot_controller/draw_circle.py -> /home/edgar/ros2_ws/src/install/my_robot_controller/lib/python3.10/site-packages/my_robot_controller
[0.490s] copying /home/edgar/ros2_ws/src/build/my_robot_controller/build/lib/my_robot_controller/my_first_node.py -> /home/edgar/ros2_ws/src/install/my_robot_controller/lib/python3.10/site-packages/my_robot_controller
[0.490s] copying /home/edgar/ros2_ws/src/build/my_robot_controller/build/lib/my_robot_controller/pose_subscriber.py -> /home/edgar/ros2_ws/src/install/my_robot_controller/lib/python3.10/site-packages/my_robot_controller
[0.490s] byte-compiling /home/edgar/ros2_ws/src/install/my_robot_controller/lib/python3.10/site-packages/my_robot_controller/__init__.py to __init__.cpython-310.pyc
[0.490s] byte-compiling /home/edgar/ros2_ws/src/install/my_robot_controller/lib/python3.10/site-packages/my_robot_controller/draw_circle.py to draw_circle.cpython-310.pyc
[0.491s] byte-compiling /home/edgar/ros2_ws/src/install/my_robot_controller/lib/python3.10/site-packages/my_robot_controller/my_first_node.py to my_first_node.cpython-310.pyc
[0.491s] byte-compiling /home/edgar/ros2_ws/src/install/my_robot_controller/lib/python3.10/site-packages/my_robot_controller/pose_subscriber.py to pose_subscriber.cpython-310.pyc
[0.491s] running install_data
[0.491s] creating /home/edgar/ros2_ws/src/install/my_robot_controller/share
[0.491s] creating /home/edgar/ros2_ws/src/install/my_robot_controller/share/ament_index
[0.491s] creating /home/edgar/ros2_ws/src/install/my_robot_controller/share/ament_index/resource_index
[0.491s] creating /home/edgar/ros2_ws/src/install/my_robot_controller/share/ament_index/resource_index/packages
[0.491s] copying resource/my_robot_controller -> /home/edgar/ros2_ws/src/install/my_robot_controller/share/ament_index/resource_index/packages
[0.491s] creating /home/edgar/ros2_ws/src/install/my_robot_controller/share/my_robot_controller
[0.492s] copying package.xml -> /home/edgar/ros2_ws/src/install/my_robot_controller/share/my_robot_controller
[0.492s] running install_egg_info
[0.493s] Copying ../build/my_robot_controller/my_robot_controller.egg-info to /home/edgar/ros2_ws/src/install/my_robot_controller/lib/python3.10/site-packages/my_robot_controller-0.0.0-py3.10.egg-info
[0.493s] running install_scripts
[0.506s] Installing draw_circle script to /home/edgar/ros2_ws/src/install/my_robot_controller/lib/my_robot_controller
[0.506s] Installing pose_sub script to /home/edgar/ros2_ws/src/install/my_robot_controller/lib/my_robot_controller
[0.506s] Installing test_node script to /home/edgar/ros2_ws/src/install/my_robot_controller/lib/my_robot_controller
[0.506s] writing list of installed files to '/home/edgar/ros2_ws/src/build/my_robot_controller/install.log'
[0.520s] Invoked command in '/home/edgar/ros2_ws/src/my_robot_controller' returned '0': PYTHONPATH=/home/edgar/ros2_ws/src/build/my_robot_controller/prefix_override:/usr/lib/python3/dist-packages/colcon_core/task/python/colcon_distutils_commands:/home/edgar/ros2_ws/src/install/my_robot_controller/lib/python3.10/site-packages:${PYTHONPATH} /usr/bin/python3 -W ignore:setup.py install is deprecated -W ignore:easy_install command is deprecated setup.py egg_info --egg-base ../build/my_robot_controller build --build-base /home/edgar/ros2_ws/src/build/my_robot_controller/build install --record /home/edgar/ros2_ws/src/build/my_robot_controller/install.log --single-version-externally-managed install_data
