[0.008s] Invoking command in '/home/edgar/ros2_ws/build/turtlebot3_simulations': AMENT_PREFIX_PATH=/home/edgar/ros2_ws/install/turtlebot3_gazebo:/home/edgar/ros2_ws/install/turtlebot3_fake_node:${AMENT_PREFIX_PATH} CMAKE_PREFIX_PATH=/home/edgar/ros2_ws/install/turtlebot3_gazebo:/home/edgar/ros2_ws/install/turtlebot3_fake_node:/home/edgar/ros2_ws/install/my_robot_controller:/home/edgar/install/my_robot_controller:/opt/ros/humble /usr/bin/cmake /home/edgar/ros2_ws/src/turtlebot3_simulations/turtlebot3_simulations -DAMENT_CMAKE_SYMLINK_INSTALL=1 -DCMAKE_INSTALL_PREFIX=/home/edgar/ros2_ws/install/turtlebot3_simulations
[0.092s] -- The C compiler identification is GNU 11.4.0
[0.156s] -- The CXX compiler identification is GNU 11.4.0
[0.163s] -- Detecting C compiler ABI info
[0.266s] -- Detecting C compiler ABI info - done
[0.277s] -- Check for working C compiler: /usr/bin/cc - skipped
[0.277s] -- Detecting C compile features
[0.278s] -- Detecting C compile features - done
[0.281s] -- Detecting CXX compiler ABI info
[0.372s] -- Detecting CXX compiler ABI info - done
[0.378s] -- Check for working CXX compiler: /usr/bin/c++ - skipped
[0.378s] -- Detecting CXX compile features
[0.378s] -- Detecting CXX compile features - done
[0.380s] -- Found ament_cmake: 1.3.11 (/opt/ros/humble/share/ament_cmake/cmake)
[0.538s] -- Found Python3: /usr/bin/python3 (found version "3.10.12") found components: Interpreter 
[0.587s] -- Override CMake install command with custom implementation using symlinks instead of copying resources
[0.664s] -- Configuring done
[0.665s] -- Generating done
[0.666s] -- Build files have been written to: /home/edgar/ros2_ws/build/turtlebot3_simulations
[0.669s] Invoked command in '/home/edgar/ros2_ws/build/turtlebot3_simulations' returned '0': AMENT_PREFIX_PATH=/home/edgar/ros2_ws/install/turtlebot3_gazebo:/home/edgar/ros2_ws/install/turtlebot3_fake_node:${AMENT_PREFIX_PATH} CMAKE_PREFIX_PATH=/home/edgar/ros2_ws/install/turtlebot3_gazebo:/home/edgar/ros2_ws/install/turtlebot3_fake_node:/home/edgar/ros2_ws/install/my_robot_controller:/home/edgar/install/my_robot_controller:/opt/ros/humble /usr/bin/cmake /home/edgar/ros2_ws/src/turtlebot3_simulations/turtlebot3_simulations -DAMENT_CMAKE_SYMLINK_INSTALL=1 -DCMAKE_INSTALL_PREFIX=/home/edgar/ros2_ws/install/turtlebot3_simulations
[0.670s] Invoking command in '/home/edgar/ros2_ws/build/turtlebot3_simulations': AMENT_PREFIX_PATH=/home/edgar/ros2_ws/install/turtlebot3_gazebo:/home/edgar/ros2_ws/install/turtlebot3_fake_node:${AMENT_PREFIX_PATH} CMAKE_PREFIX_PATH=/home/edgar/ros2_ws/install/turtlebot3_gazebo:/home/edgar/ros2_ws/install/turtlebot3_fake_node:/home/edgar/ros2_ws/install/my_robot_controller:/home/edgar/install/my_robot_controller:/opt/ros/humble /usr/bin/cmake --build /home/edgar/ros2_ws/build/turtlebot3_simulations -- -j20 -l20
[0.708s] Invoked command in '/home/edgar/ros2_ws/build/turtlebot3_simulations' returned '0': AMENT_PREFIX_PATH=/home/edgar/ros2_ws/install/turtlebot3_gazebo:/home/edgar/ros2_ws/install/turtlebot3_fake_node:${AMENT_PREFIX_PATH} CMAKE_PREFIX_PATH=/home/edgar/ros2_ws/install/turtlebot3_gazebo:/home/edgar/ros2_ws/install/turtlebot3_fake_node:/home/edgar/ros2_ws/install/my_robot_controller:/home/edgar/install/my_robot_controller:/opt/ros/humble /usr/bin/cmake --build /home/edgar/ros2_ws/build/turtlebot3_simulations -- -j20 -l20
[0.710s] Invoking command in '/home/edgar/ros2_ws/build/turtlebot3_simulations': AMENT_PREFIX_PATH=/home/edgar/ros2_ws/install/turtlebot3_gazebo:/home/edgar/ros2_ws/install/turtlebot3_fake_node:${AMENT_PREFIX_PATH} CMAKE_PREFIX_PATH=/home/edgar/ros2_ws/install/turtlebot3_gazebo:/home/edgar/ros2_ws/install/turtlebot3_fake_node:/home/edgar/ros2_ws/install/my_robot_controller:/home/edgar/install/my_robot_controller:/opt/ros/humble /usr/bin/cmake --install /home/edgar/ros2_ws/build/turtlebot3_simulations
[0.721s] -- Install configuration: ""
[0.722s] -- Execute custom install script
[0.722s] -- Symlinking: /home/edgar/ros2_ws/install/turtlebot3_simulations/share/ament_index/resource_index/package_run_dependencies/turtlebot3_simulations
[0.733s] -- Symlinking: /home/edgar/ros2_ws/install/turtlebot3_simulations/share/ament_index/resource_index/parent_prefix_path/turtlebot3_simulations
[0.744s] -- Symlinking: /home/edgar/ros2_ws/install/turtlebot3_simulations/share/turtlebot3_simulations/environment/ament_prefix_path.sh
[0.754s] -- Symlinking: /home/edgar/ros2_ws/install/turtlebot3_simulations/share/turtlebot3_simulations/environment/ament_prefix_path.dsv
[0.763s] -- Symlinking: /home/edgar/ros2_ws/install/turtlebot3_simulations/share/turtlebot3_simulations/environment/path.sh
[0.772s] -- Symlinking: /home/edgar/ros2_ws/install/turtlebot3_simulations/share/turtlebot3_simulations/environment/path.dsv
[0.784s] -- Symlinking: /home/edgar/ros2_ws/install/turtlebot3_simulations/share/turtlebot3_simulations/local_setup.bash
[0.799s] -- Symlinking: /home/edgar/ros2_ws/install/turtlebot3_simulations/share/turtlebot3_simulations/local_setup.sh
[0.812s] -- Symlinking: /home/edgar/ros2_ws/install/turtlebot3_simulations/share/turtlebot3_simulations/local_setup.zsh
[0.820s] -- Symlinking: /home/edgar/ros2_ws/install/turtlebot3_simulations/share/turtlebot3_simulations/local_setup.dsv
[0.830s] -- Symlinking: /home/edgar/ros2_ws/install/turtlebot3_simulations/share/turtlebot3_simulations/package.dsv
[0.836s] -- Symlinking: /home/edgar/ros2_ws/install/turtlebot3_simulations/share/ament_index/resource_index/packages/turtlebot3_simulations
[0.842s] -- Symlinking: /home/edgar/ros2_ws/install/turtlebot3_simulations/share/turtlebot3_simulations/cmake/turtlebot3_simulationsConfig.cmake
[0.848s] -- Symlinking: /home/edgar/ros2_ws/install/turtlebot3_simulations/share/turtlebot3_simulations/cmake/turtlebot3_simulationsConfig-version.cmake
[0.857s] -- Symlinking: /home/edgar/ros2_ws/install/turtlebot3_simulations/share/turtlebot3_simulations/package.xml
[0.874s] Invoked command in '/home/edgar/ros2_ws/build/turtlebot3_simulations' returned '0': AMENT_PREFIX_PATH=/home/edgar/ros2_ws/install/turtlebot3_gazebo:/home/edgar/ros2_ws/install/turtlebot3_fake_node:${AMENT_PREFIX_PATH} CMAKE_PREFIX_PATH=/home/edgar/ros2_ws/install/turtlebot3_gazebo:/home/edgar/ros2_ws/install/turtlebot3_fake_node:/home/edgar/ros2_ws/install/my_robot_controller:/home/edgar/install/my_robot_controller:/opt/ros/humble /usr/bin/cmake --install /home/edgar/ros2_ws/build/turtlebot3_simulations
