[0.015s] Invoking command in '/home/edgar/ros2_ws/build/turtlebot3_gazebo': CMAKE_PREFIX_PATH=/home/edgar/ros2_ws/install/my_robot_controller:/home/edgar/install/my_robot_controller:/opt/ros/humble /usr/bin/cmake /home/edgar/ros2_ws/src/turtlebot3_simulations/turtlebot3_gazebo -DAMENT_CMAKE_SYMLINK_INSTALL=1 -DCMAKE_INSTALL_PREFIX=/home/edgar/ros2_ws/install/turtlebot3_gazebo
[0.026s] -- Found ament_cmake: 1.3.11 (/opt/ros/humble/share/ament_cmake/cmake)
[0.143s] -- Override CMake install command with custom implementation using symlinks instead of copying resources
[0.158s] [31mCMake Error at CMakeLists.txt:23 (find_package):
[0.158s]   By not providing "Findgazebo.cmake" in CMAKE_MODULE_PATH this project has
[0.158s]   asked CMake to find a package configuration file provided by "gazebo", but
[0.158s]   CMake did not find one.
[0.158s] 
[0.158s]   Could not find a package configuration file provided by "gazebo" with any
[0.158s]   of the following names:
[0.158s] 
[0.158s]     gazeboConfig.cmake
[0.158s]     gazebo-config.cmake
[0.158s] 
[0.158s]   Add the installation prefix of "gazebo" to CMAKE_PREFIX_PATH or set
[0.158s]   "gazebo_DIR" to a directory containing one of the above files.  If "gazebo"
[0.158s]   provides a separate development package or SDK, be sure it has been
[0.158s]   installed.
[0.158s] 
[0.158s] [0m
[0.158s] -- Configuring incomplete, errors occurred!
[0.158s] See also "/home/edgar/ros2_ws/build/turtlebot3_gazebo/CMakeFiles/CMakeOutput.log".
[0.202s] Invoked command in '/home/edgar/ros2_ws/build/turtlebot3_gazebo' returned '1': CMAKE_PREFIX_PATH=/home/edgar/ros2_ws/install/my_robot_controller:/home/edgar/install/my_robot_controller:/opt/ros/humble /usr/bin/cmake /home/edgar/ros2_ws/src/turtlebot3_simulations/turtlebot3_gazebo -DAMENT_CMAKE_SYMLINK_INSTALL=1 -DCMAKE_INSTALL_PREFIX=/home/edgar/ros2_ws/install/turtlebot3_gazebo
