[0.343s] Invoking command in '/home/edgar/ros2_ws/build/my_robot_controller': PYTHONPATH=/home/edgar/ros2_ws/build/my_robot_controller/prefix_override:/usr/lib/python3/dist-packages/colcon_core/task/python/colcon_distutils_commands:/home/edgar/ros2_ws/install/my_robot_controller/lib/python3.10/site-packages:${PYTHONPATH} /usr/bin/python3 -W ignore:setup.py install is deprecated -W ignore:easy_install command is deprecated setup.py develop --uninstall --editable --build-directory /home/edgar/ros2_ws/build/my_robot_controller/build
[0.493s] running develop
[0.576s] Removing /home/edgar/ros2_ws/install/my_robot_controller/lib/python3.10/site-packages/my-robot-controller.egg-link (link to .)
[0.592s] Invoked command in '/home/edgar/ros2_ws/build/my_robot_controller' returned '0': PYTHONPATH=/home/edgar/ros2_ws/build/my_robot_controller/prefix_override:/usr/lib/python3/dist-packages/colcon_core/task/python/colcon_distutils_commands:/home/edgar/ros2_ws/install/my_robot_controller/lib/python3.10/site-packages:${PYTHONPATH} /usr/bin/python3 -W ignore:setup.py install is deprecated -W ignore:easy_install command is deprecated setup.py develop --uninstall --editable --build-directory /home/edgar/ros2_ws/build/my_robot_controller/build
[0.593s] Invoking command in '/home/edgar/ros2_ws/src/my_robot_controller': PYTHONPATH=/home/edgar/ros2_ws/build/my_robot_controller/prefix_override:/usr/lib/python3/dist-packages/colcon_core/task/python/colcon_distutils_commands:/home/edgar/ros2_ws/install/my_robot_controller/lib/python3.10/site-packages:${PYTHONPATH} /usr/bin/python3 -W ignore:setup.py install is deprecated -W ignore:easy_install command is deprecated setup.py egg_info --egg-base ../../build/my_robot_controller build --build-base /home/edgar/ros2_ws/build/my_robot_controller/build install --record /home/edgar/ros2_ws/build/my_robot_controller/install.log --single-version-externally-managed install_data --force
[0.731s] running egg_info
[0.731s] writing ../../build/my_robot_controller/my_robot_controller.egg-info/PKG-INFO
[0.731s] writing dependency_links to ../../build/my_robot_controller/my_robot_controller.egg-info/dependency_links.txt
[0.731s] writing entry points to ../../build/my_robot_controller/my_robot_controller.egg-info/entry_points.txt
[0.731s] writing requirements to ../../build/my_robot_controller/my_robot_controller.egg-info/requires.txt
[0.731s] writing top-level names to ../../build/my_robot_controller/my_robot_controller.egg-info/top_level.txt
[0.732s] reading manifest file '../../build/my_robot_controller/my_robot_controller.egg-info/SOURCES.txt'
[0.733s] writing manifest file '../../build/my_robot_controller/my_robot_controller.egg-info/SOURCES.txt'
[0.733s] running build
[0.733s] running build_py
[0.733s] copying my_robot_controller/pose_subscriber.py -> /home/edgar/ros2_ws/build/my_robot_controller/build/lib/my_robot_controller
[0.733s] running install
[0.733s] running install_lib
[0.734s] creating /home/edgar/ros2_ws/install/my_robot_controller/lib/python3.10/site-packages/my_robot_controller
[0.734s] copying /home/edgar/ros2_ws/build/my_robot_controller/build/lib/my_robot_controller/__init__.py -> /home/edgar/ros2_ws/install/my_robot_controller/lib/python3.10/site-packages/my_robot_controller
[0.734s] copying /home/edgar/ros2_ws/build/my_robot_controller/build/lib/my_robot_controller/draw_circle.py -> /home/edgar/ros2_ws/install/my_robot_controller/lib/python3.10/site-packages/my_robot_controller
[0.734s] copying /home/edgar/ros2_ws/build/my_robot_controller/build/lib/my_robot_controller/my_first_node.py -> /home/edgar/ros2_ws/install/my_robot_controller/lib/python3.10/site-packages/my_robot_controller
[0.734s] copying /home/edgar/ros2_ws/build/my_robot_controller/build/lib/my_robot_controller/pose_subscriber.py -> /home/edgar/ros2_ws/install/my_robot_controller/lib/python3.10/site-packages/my_robot_controller
[0.734s] byte-compiling /home/edgar/ros2_ws/install/my_robot_controller/lib/python3.10/site-packages/my_robot_controller/__init__.py to __init__.cpython-310.pyc
[0.734s] byte-compiling /home/edgar/ros2_ws/install/my_robot_controller/lib/python3.10/site-packages/my_robot_controller/draw_circle.py to draw_circle.cpython-310.pyc
[0.734s] byte-compiling /home/edgar/ros2_ws/install/my_robot_controller/lib/python3.10/site-packages/my_robot_controller/my_first_node.py to my_first_node.cpython-310.pyc
[0.735s] byte-compiling /home/edgar/ros2_ws/install/my_robot_controller/lib/python3.10/site-packages/my_robot_controller/pose_subscriber.py to pose_subscriber.cpython-310.pyc
[0.735s] running install_data
[0.735s] copying resource/my_robot_controller -> /home/edgar/ros2_ws/install/my_robot_controller/share/ament_index/resource_index/packages
[0.735s] copying package.xml -> /home/edgar/ros2_ws/install/my_robot_controller/share/my_robot_controller
[0.735s] running install_egg_info
[0.736s] Copying ../../build/my_robot_controller/my_robot_controller.egg-info to /home/edgar/ros2_ws/install/my_robot_controller/lib/python3.10/site-packages/my_robot_controller-0.0.0-py3.10.egg-info
[0.736s] running install_scripts
[0.750s] Installing draw_circle script to /home/edgar/ros2_ws/install/my_robot_controller/lib/my_robot_controller
[0.750s] Installing pose_sub script to /home/edgar/ros2_ws/install/my_robot_controller/lib/my_robot_controller
[0.750s] Installing test_node script to /home/edgar/ros2_ws/install/my_robot_controller/lib/my_robot_controller
[0.750s] writing list of installed files to '/home/edgar/ros2_ws/build/my_robot_controller/install.log'
[0.766s] Invoked command in '/home/edgar/ros2_ws/src/my_robot_controller' returned '0': PYTHONPATH=/home/edgar/ros2_ws/build/my_robot_controller/prefix_override:/usr/lib/python3/dist-packages/colcon_core/task/python/colcon_distutils_commands:/home/edgar/ros2_ws/install/my_robot_controller/lib/python3.10/site-packages:${PYTHONPATH} /usr/bin/python3 -W ignore:setup.py install is deprecated -W ignore:easy_install command is deprecated setup.py egg_info --egg-base ../../build/my_robot_controller build --build-base /home/edgar/ros2_ws/build/my_robot_controller/build install --record /home/edgar/ros2_ws/build/my_robot_controller/install.log --single-version-externally-managed install_data --force
