[0.014s] Invoking command in '/home/edgar/ros2_ws/build/turtlebot3_gazebo': CMAKE_PREFIX_PATH=/home/edgar/ros2_ws/install/my_robot_controller:/home/edgar/install/my_robot_controller:/opt/ros/humble /usr/bin/cmake /home/edgar/ros2_ws/src/turtlebot3_simulations/turtlebot3_gazebo -DAMENT_CMAKE_SYMLINK_INSTALL=1 -DCMAKE_INSTALL_PREFIX=/home/edgar/ros2_ws/install/turtlebot3_gazebo
[0.031s] -- Found ament_cmake: 1.3.11 (/opt/ros/humble/share/ament_cmake/cmake)
[0.188s] -- Override CMake install command with custom implementation using symlinks instead of copying resources
[0.210s] -- Configuring incomplete, errors occurred!
[0.210s] See also "/home/edgar/ros2_ws/build/turtlebot3_gazebo/CMakeFiles/CMakeOutput.log".
[0.212s] [31mCMake Error at CMakeLists.txt:23 (find_package):
[0.212s]   By not providing "Findgazebo.cmake" in CMAKE_MODULE_PATH this project has
[0.212s]   asked CMake to find a package configuration file provided by "gazebo", but
[0.212s]   CMake did not find one.
[0.212s] 
[0.212s]   Could not find a package configuration file provided by "gazebo" with any
[0.212s]   of the following names:
[0.212s] 
[0.213s]     gazeboConfig.cmake
[0.213s]     gazebo-config.cmake
[0.213s] 
[0.213s]   Add the installation prefix of "gazebo" to CMAKE_PREFIX_PATH or set
[0.213s]   "gazebo_DIR" to a directory containing one of the above files.  If "gazebo"
[0.213s]   provides a separate development package or SDK, be sure it has been
[0.213s]   installed.
[0.213s] 
[0.213s] [0m
[0.294s] Invoked command in '/home/edgar/ros2_ws/build/turtlebot3_gazebo' returned '1': CMAKE_PREFIX_PATH=/home/edgar/ros2_ws/install/my_robot_controller:/home/edgar/install/my_robot_controller:/opt/ros/humble /usr/bin/cmake /home/edgar/ros2_ws/src/turtlebot3_simulations/turtlebot3_gazebo -DAMENT_CMAKE_SYMLINK_INSTALL=1 -DCMAKE_INSTALL_PREFIX=/home/edgar/ros2_ws/install/turtlebot3_gazebo
