[0.447s] Invoking command in '/home/edgar/ros2_ws/build/my_robot_controller': PYTHONPATH=/home/edgar/ros2_ws/build/my_robot_controller/prefix_override:/usr/lib/python3/dist-packages/colcon_core/task/python/colcon_distutils_commands:/home/edgar/ros2_ws/install/my_robot_controller/lib/python3.10/site-packages:${PYTHONPATH} /usr/bin/python3 -W ignore:setup.py install is deprecated -W ignore:easy_install command is deprecated setup.py develop --editable --build-directory /home/edgar/ros2_ws/build/my_robot_controller/build --no-deps symlink_data
[0.614s] running develop
[0.706s] running egg_info
[0.706s] writing my_robot_controller.egg-info/PKG-INFO
[0.706s] writing dependency_links to my_robot_controller.egg-info/dependency_links.txt
[0.706s] writing entry points to my_robot_controller.egg-info/entry_points.txt
[0.706s] writing requirements to my_robot_controller.egg-info/requires.txt
[0.706s] writing top-level names to my_robot_controller.egg-info/top_level.txt
[0.707s] reading manifest file 'my_robot_controller.egg-info/SOURCES.txt'
[0.708s] writing manifest file 'my_robot_controller.egg-info/SOURCES.txt'
[0.708s] running build_ext
[0.709s] Creating /home/edgar/ros2_ws/install/my_robot_controller/lib/python3.10/site-packages/my-robot-controller.egg-link (link to .)
[0.709s] Installing draw_circle script to /home/edgar/ros2_ws/install/my_robot_controller/lib/my_robot_controller
[0.709s] Installing mapping script to /home/edgar/ros2_ws/install/my_robot_controller/lib/my_robot_controller
[0.709s] Installing pose_sub script to /home/edgar/ros2_ws/install/my_robot_controller/lib/my_robot_controller
[0.709s] Installing test_node script to /home/edgar/ros2_ws/install/my_robot_controller/lib/my_robot_controller
[0.709s] Installing turtle_controller script to /home/edgar/ros2_ws/install/my_robot_controller/lib/my_robot_controller
[0.709s] 
[0.709s] Installed /home/edgar/ros2_ws/build/my_robot_controller
[0.709s] running symlink_data
[0.709s] symbolically linking /home/edgar/ros2_ws/build/my_robot_controller/launch/start_mapping.launch.py -> /home/edgar/ros2_ws/install/my_robot_controller/share/my_robot_controller/launch
[0.728s] Invoked command in '/home/edgar/ros2_ws/build/my_robot_controller' returned '0': PYTHONPATH=/home/edgar/ros2_ws/build/my_robot_controller/prefix_override:/usr/lib/python3/dist-packages/colcon_core/task/python/colcon_distutils_commands:/home/edgar/ros2_ws/install/my_robot_controller/lib/python3.10/site-packages:${PYTHONPATH} /usr/bin/python3 -W ignore:setup.py install is deprecated -W ignore:easy_install command is deprecated setup.py develop --editable --build-directory /home/edgar/ros2_ws/build/my_robot_controller/build --no-deps symlink_data
