[0.353s] Invoking command in '/home/edgar/ros2_ws/build/my_robot_controller': PYTHONPATH=/home/edgar/ros2_ws/build/my_robot_controller/prefix_override:/usr/lib/python3/dist-packages/colcon_core/task/python/colcon_distutils_commands:/home/edgar/ros2_ws/install/my_robot_controller/lib/python3.10/site-packages:${PYTHONPATH} /usr/bin/python3 -W ignore:setup.py install is deprecated -W ignore:easy_install command is deprecated setup.py develop --editable --build-directory /home/edgar/ros2_ws/build/my_robot_controller/build --no-deps symlink_data
[0.516s] running develop
[0.601s] running egg_info
[0.601s] writing my_robot_controller.egg-info/PKG-INFO
[0.601s] writing dependency_links to my_robot_controller.egg-info/dependency_links.txt
[0.601s] writing entry points to my_robot_controller.egg-info/entry_points.txt
[0.601s] writing requirements to my_robot_controller.egg-info/requires.txt
[0.601s] writing top-level names to my_robot_controller.egg-info/top_level.txt
[0.602s] reading manifest file 'my_robot_controller.egg-info/SOURCES.txt'
[0.603s] writing manifest file 'my_robot_controller.egg-info/SOURCES.txt'
[0.604s] running build_ext
[0.604s] Creating /home/edgar/ros2_ws/install/my_robot_controller/lib/python3.10/site-packages/my-robot-controller.egg-link (link to .)
[0.604s] Installing draw_circle script to /home/edgar/ros2_ws/install/my_robot_controller/lib/my_robot_controller
[0.604s] Installing pose_sub script to /home/edgar/ros2_ws/install/my_robot_controller/lib/my_robot_controller
[0.604s] Installing test_node script to /home/edgar/ros2_ws/install/my_robot_controller/lib/my_robot_controller
[0.604s] Installing turtle_controller script to /home/edgar/ros2_ws/install/my_robot_controller/lib/my_robot_controller
[0.604s] 
[0.604s] Installed /home/edgar/ros2_ws/build/my_robot_controller
[0.605s] running symlink_data
[0.605s] creating /home/edgar/ros2_ws/install/my_robot_controller/share/my_robot_controller/launch
[0.605s] symbolically linking /home/edgar/ros2_ws/build/my_robot_controller/launch/my_launch.launch.py -> /home/edgar/ros2_ws/install/my_robot_controller/share/my_robot_controller/launch
[0.622s] Invoked command in '/home/edgar/ros2_ws/build/my_robot_controller' returned '0': PYTHONPATH=/home/edgar/ros2_ws/build/my_robot_controller/prefix_override:/usr/lib/python3/dist-packages/colcon_core/task/python/colcon_distutils_commands:/home/edgar/ros2_ws/install/my_robot_controller/lib/python3.10/site-packages:${PYTHONPATH} /usr/bin/python3 -W ignore:setup.py install is deprecated -W ignore:easy_install command is deprecated setup.py develop --editable --build-directory /home/edgar/ros2_ws/build/my_robot_controller/build --no-deps symlink_data
