[0.021s] Invoking command in '/home/edgar/ros2_ws/build/dynamixel_sdk': CMAKE_PREFIX_PATH=/home/edgar/ros2_ws/install/my_robot_controller:/home/edgar/install/my_robot_controller:/opt/ros/humble /usr/bin/cmake --build /home/edgar/ros2_ws/build/dynamixel_sdk -- -j20 -l20
[0.085s] [ 15%] [32mBuilding CXX object CMakeFiles/dynamixel_sdk.dir/src/dynamixel_sdk/protocol2_packet_handler.cpp.o[0m
[0.085s] [ 15%] [32mBuilding CXX object CMakeFiles/dynamixel_sdk.dir/src/dynamixel_sdk/protocol1_packet_handler.cpp.o[0m
[0.085s] [ 23%] [32mBuilding CXX object CMakeFiles/dynamixel_sdk.dir/src/dynamixel_sdk/packet_handler.cpp.o[0m
[0.087s] [ 30%] [32mBuilding CXX object CMakeFiles/dynamixel_sdk.dir/src/dynamixel_sdk/group_fast_sync_read.cpp.o[0m
[0.087s] [ 61%] [32mBuilding CXX object CMakeFiles/dynamixel_sdk.dir/src/dynamixel_sdk/port_handler.cpp.o[0m
[0.087s] [ 61%] [32mBuilding CXX object CMakeFiles/dynamixel_sdk.dir/src/dynamixel_sdk/group_fast_bulk_read.cpp.o[0m
[0.087s] [ 61%] [32mBuilding CXX object CMakeFiles/dynamixel_sdk.dir/src/dynamixel_sdk/group_bulk_read.cpp.o[0m
[0.088s] [ 61%] [32mBuilding CXX object CMakeFiles/dynamixel_sdk.dir/src/dynamixel_sdk/group_bulk_write.cpp.o[0m
[0.088s] [ 69%] [32mBuilding CXX object CMakeFiles/dynamixel_sdk.dir/src/dynamixel_sdk/group_sync_write.cpp.o[0m
[0.091s] [ 76%] [32mBuilding CXX object CMakeFiles/dynamixel_sdk.dir/src/dynamixel_sdk/group_sync_read.cpp.o[0m
[0.091s] [ 84%] [32mBuilding CXX object CMakeFiles/dynamixel_sdk.dir/src/dynamixel_sdk/group_handler.cpp.o[0m
[0.093s] [ 92%] [32mBuilding CXX object CMakeFiles/dynamixel_sdk.dir/src/dynamixel_sdk/port_handler_linux.cpp.o[0m
[0.099s] [ 92%] Built target ament_cmake_python_symlink_dynamixel_sdk
[0.322s] running egg_info
[0.322s] creating dynamixel_sdk.egg-info
[0.322s] writing dynamixel_sdk.egg-info/PKG-INFO
[0.322s] writing dependency_links to dynamixel_sdk.egg-info/dependency_links.txt
[0.322s] writing top-level names to dynamixel_sdk.egg-info/top_level.txt
[0.323s] writing manifest file 'dynamixel_sdk.egg-info/SOURCES.txt'
[0.325s] reading manifest file 'dynamixel_sdk.egg-info/SOURCES.txt'
[0.326s] writing manifest file 'dynamixel_sdk.egg-info/SOURCES.txt'
[0.351s] [ 92%] Built target ament_cmake_python_build_dynamixel_sdk_egg
[0.661s] [100%] [32m[1mLinking CXX shared library libdynamixel_sdk.so[0m
[0.732s] [100%] Built target dynamixel_sdk
