[0.011s] Invoking command in '/home/edgar/ros2_ws/build/turtlebot3_fake_node': CMAKE_PREFIX_PATH=/home/edgar/ros2_ws/install/my_robot_controller:/home/edgar/install/my_robot_controller:/opt/ros/humble /usr/bin/cmake /home/edgar/ros2_ws/src/turtlebot3_simulations/turtlebot3_fake_node -DAMENT_CMAKE_SYMLINK_INSTALL=1 -DCMAKE_INSTALL_PREFIX=/home/edgar/ros2_ws/install/turtlebot3_fake_node
[0.021s] -- Found ament_cmake: 1.3.11 (/opt/ros/humble/share/ament_cmake/cmake)
[0.108s] -- Override CMake install command with custom implementation using symlinks instead of copying resources
[0.112s] -- Found geometry_msgs: 4.2.4 (/opt/ros/humble/share/geometry_msgs/cmake)
[0.128s] -- Found rosidl_generator_c: 3.1.6 (/opt/ros/humble/share/rosidl_generator_c/cmake)
[0.129s] -- Found rosidl_adapter: 3.1.6 (/opt/ros/humble/share/rosidl_adapter/cmake)
[0.133s] -- Found rosidl_generator_cpp: 3.1.6 (/opt/ros/humble/share/rosidl_generator_cpp/cmake)
[0.139s] -- Using all available rosidl_typesupport_c: rosidl_typesupport_fastrtps_c;rosidl_typesupport_introspection_c
[0.146s] -- Using all available rosidl_typesupport_cpp: rosidl_typesupport_fastrtps_cpp;rosidl_typesupport_introspection_cpp
[0.169s] -- Found nav_msgs: 4.2.4 (/opt/ros/humble/share/nav_msgs/cmake)
[0.179s] -- Found rclcpp: 16.0.11 (/opt/ros/humble/share/rclcpp/cmake)
[0.195s] -- Found rmw_implementation_cmake: 6.1.2 (/opt/ros/humble/share/rmw_implementation_cmake/cmake)
[0.196s] -- Found rmw_fastrtps_cpp: 6.2.7 (/opt/ros/humble/share/rmw_fastrtps_cpp/cmake)
[0.264s] -- Using RMW implementation 'rmw_fastrtps_cpp' as default
[0.288s] -- Found sensor_msgs: 4.2.4 (/opt/ros/humble/share/sensor_msgs/cmake)
[0.299s] -- Found tf2: 0.25.12 (/opt/ros/humble/share/tf2/cmake)
[0.302s] -- Found tf2_msgs: 0.25.12 (/opt/ros/humble/share/tf2_msgs/cmake)
[0.331s] -- Configuring incomplete, errors occurred!
[0.331s] See also "/home/edgar/ros2_ws/build/turtlebot3_fake_node/CMakeFiles/CMakeOutput.log".
[0.331s] [31mCMake Error at CMakeLists.txt:25 (find_package):
[0.332s]   By not providing "Findturtlebot3_msgs.cmake" in CMAKE_MODULE_PATH this
[0.332s]   project has asked CMake to find a package configuration file provided by
[0.332s]   "turtlebot3_msgs", but CMake did not find one.
[0.332s] 
[0.332s]   Could not find a package configuration file provided by "turtlebot3_msgs"
[0.332s]   with any of the following names:
[0.332s] 
[0.332s]     turtlebot3_msgsConfig.cmake
[0.332s]     turtlebot3_msgs-config.cmake
[0.332s] 
[0.332s]   Add the installation prefix of "turtlebot3_msgs" to CMAKE_PREFIX_PATH or
[0.332s]   set "turtlebot3_msgs_DIR" to a directory containing one of the above files.
[0.332s]   If "turtlebot3_msgs" provides a separate development package or SDK, be
[0.332s]   sure it has been installed.
[0.332s] 
[0.333s] [0m
