[0.012s] Invoking command in '/home/edgar/ros2_ws/build/turtlebot3_fake_node': CMAKE_PREFIX_PATH=/home/edgar/ros2_ws/install/my_robot_controller:/home/edgar/install/my_robot_controller:/opt/ros/humble /usr/bin/cmake /home/edgar/ros2_ws/src/turtlebot3_simulations/turtlebot3_fake_node -DAMENT_CMAKE_SYMLINK_INSTALL=1 -DCMAKE_INSTALL_PREFIX=/home/edgar/ros2_ws/install/turtlebot3_fake_node
[0.153s] -- The C compiler identification is GNU 11.4.0
[0.224s] -- The CXX compiler identification is GNU 11.4.0
[0.230s] -- Detecting C compiler ABI info
[0.287s] -- Detecting C compiler ABI info - done
[0.295s] -- Check for working C compiler: /usr/bin/cc - skipped
[0.295s] -- Detecting C compile features
[0.295s] -- Detecting C compile features - done
[0.298s] -- Detecting CXX compiler ABI info
[0.360s] -- Detecting CXX compiler ABI info - done
[0.367s] -- Check for working CXX compiler: /usr/bin/c++ - skipped
[0.367s] -- Detecting CXX compile features
[0.367s] -- Detecting CXX compile features - done
[0.369s] -- Found ament_cmake: 1.3.11 (/opt/ros/humble/share/ament_cmake/cmake)
[0.490s] -- Found Python3: /usr/bin/python3 (found version "3.10.12") found components: Interpreter 
[0.537s] -- Override CMake install command with custom implementation using symlinks instead of copying resources
[0.562s] -- Found geometry_msgs: 4.2.4 (/opt/ros/humble/share/geometry_msgs/cmake)
[0.596s] -- Found rosidl_generator_c: 3.1.6 (/opt/ros/humble/share/rosidl_generator_c/cmake)
[0.600s] -- Found rosidl_adapter: 3.1.6 (/opt/ros/humble/share/rosidl_adapter/cmake)
[0.606s] -- Found rosidl_generator_cpp: 3.1.6 (/opt/ros/humble/share/rosidl_generator_cpp/cmake)
[0.617s] -- Using all available rosidl_typesupport_c: rosidl_typesupport_fastrtps_c;rosidl_typesupport_introspection_c
[0.630s] -- Using all available rosidl_typesupport_cpp: rosidl_typesupport_fastrtps_cpp;rosidl_typesupport_introspection_cpp
[0.662s] -- Found nav_msgs: 4.2.4 (/opt/ros/humble/share/nav_msgs/cmake)
[0.677s] -- Found rclcpp: 16.0.11 (/opt/ros/humble/share/rclcpp/cmake)
[0.710s] -- Found rmw_implementation_cmake: 6.1.2 (/opt/ros/humble/share/rmw_implementation_cmake/cmake)
[0.713s] -- Found rmw_fastrtps_cpp: 6.2.7 (/opt/ros/humble/share/rmw_fastrtps_cpp/cmake)
[0.803s] -- Found OpenSSL: /usr/lib/x86_64-linux-gnu/libcrypto.so (found version "3.0.2")  
[0.832s] -- Found FastRTPS: /opt/ros/humble/include  
[0.861s] -- Using RMW implementation 'rmw_fastrtps_cpp' as default
[0.870s] -- Looking for pthread.h
[0.964s] -- Looking for pthread.h - found
[0.964s] -- Performing Test CMAKE_HAVE_LIBC_PTHREAD
[1.047s] -- Performing Test CMAKE_HAVE_LIBC_PTHREAD - Success
[1.048s] -- Found Threads: TRUE  
[1.100s] -- Found sensor_msgs: 4.2.4 (/opt/ros/humble/share/sensor_msgs/cmake)
[1.120s] -- Found tf2: 0.25.12 (/opt/ros/humble/share/tf2/cmake)
[1.127s] -- Found tf2_msgs: 0.25.12 (/opt/ros/humble/share/tf2_msgs/cmake)
[1.167s] [31mCMake Error at CMakeLists.txt:25 (find_package):
[1.168s]   By not providing "Findturtlebot3_msgs.cmake" in CMAKE_MODULE_PATH this
[1.168s]   project has asked CMake to find a package configuration file provided by
[1.168s]   "turtlebot3_msgs", but CMake did not find one.
[1.168s] 
[1.168s]   Could not find a package configuration file provided by "turtlebot3_msgs"
[1.168s]   with any of the following names:
[1.168s] 
[1.168s]     turtlebot3_msgsConfig.cmake
[1.168s]     turtlebot3_msgs-config.cmake
[1.168s] 
[1.168s]   Add the installation prefix of "turtlebot3_msgs" to CMAKE_PREFIX_PATH or
[1.168s]   set "turtlebot3_msgs_DIR" to a directory containing one of the above files.
[1.168s]   If "turtlebot3_msgs" provides a separate development package or SDK, be
[1.169s]   sure it has been installed.
[1.169s] 
[1.169s] [0m
[1.169s] -- Configuring incomplete, errors occurred!
[1.169s] See also "/home/edgar/ros2_ws/build/turtlebot3_fake_node/CMakeFiles/CMakeOutput.log".
