[0.010s] Invoking command in '/home/edgar/ros2_ws/build/turtlebot3_gazebo': CMAKE_PREFIX_PATH=/home/edgar/ros2_ws/install/my_robot_controller:/home/edgar/install/my_robot_controller:/opt/ros/humble /usr/bin/cmake /home/edgar/ros2_ws/src/turtlebot3_simulations/turtlebot3_gazebo -DAMENT_CMAKE_SYMLINK_INSTALL=1 -DCMAKE_INSTALL_PREFIX=/home/edgar/ros2_ws/install/turtlebot3_gazebo
[0.147s] -- The C compiler identification is GNU 11.4.0
[0.217s] -- The CXX compiler identification is GNU 11.4.0
[0.225s] -- Detecting C compiler ABI info
[0.281s] -- Detecting C compiler ABI info - done
[0.290s] -- Check for working C compiler: /usr/bin/cc - skipped
[0.290s] -- Detecting C compile features
[0.291s] -- Detecting C compile features - done
[0.293s] -- Detecting CXX compiler ABI info
[0.359s] -- Detecting CXX compiler ABI info - done
[0.364s] -- Check for working CXX compiler: /usr/bin/c++ - skipped
[0.364s] -- Detecting CXX compile features
[0.365s] -- Detecting CXX compile features - done
[0.366s] -- Found ament_cmake: 1.3.11 (/opt/ros/humble/share/ament_cmake/cmake)
[0.483s] -- Found Python3: /usr/bin/python3 (found version "3.10.12") found components: Interpreter 
[0.532s] -- Override CMake install command with custom implementation using symlinks instead of copying resources
[0.563s] [31mCMake Error at CMakeLists.txt:23 (find_package):
[0.563s]   By not providing "Findgazebo.cmake" in CMAKE_MODULE_PATH this project has
[0.563s]   asked CMake to find a package configuration file provided by "gazebo", but
[0.563s]   CMake did not find one.
[0.563s] 
[0.563s]   Could not find a package configuration file provided by "gazebo" with any
[0.563s]   of the following names:
[0.563s] 
[0.563s]     gazeboConfig.cmake
[0.563s]     gazebo-config.cmake
[0.563s] 
[0.563s]   Add the installation prefix of "gazebo" to CMAKE_PREFIX_PATH or set
[0.563s]   "gazebo_DIR" to a directory containing one of the above files.  If "gazebo"
[0.563s]   provides a separate development package or SDK, be sure it has been
[0.563s]   installed.
[0.563s] 
[0.563s] -- Configuring incomplete, errors occurred!
[0.563s] See also "/home/edgar/ros2_ws/build/turtlebot3_gazebo/CMakeFiles/CMakeOutput.log".
[0.563s] [0m
[0.566s] Invoked command in '/home/edgar/ros2_ws/build/turtlebot3_gazebo' returned '1': CMAKE_PREFIX_PATH=/home/edgar/ros2_ws/install/my_robot_controller:/home/edgar/install/my_robot_controller:/opt/ros/humble /usr/bin/cmake /home/edgar/ros2_ws/src/turtlebot3_simulations/turtlebot3_gazebo -DAMENT_CMAKE_SYMLINK_INSTALL=1 -DCMAKE_INSTALL_PREFIX=/home/edgar/ros2_ws/install/turtlebot3_gazebo
