[0.018s] Invoking command in '/home/edgar/ros2_ws/build/dynamixel_sdk': CMAKE_PREFIX_PATH=/home/edgar/ros2_ws/install/my_robot_controller:/home/edgar/install/my_robot_controller:/opt/ros/humble /usr/bin/cmake --build /home/edgar/ros2_ws/build/dynamixel_sdk -- -j20 -l20
[0.066s] [35m[1mConsolidate compiler generated dependencies of target dynamixel_sdk[0m
[0.083s] [100%] Built target dynamixel_sdk
[0.091s] [100%] Built target ament_cmake_python_symlink_dynamixel_sdk
[0.257s] running egg_info
[0.257s] writing dynamixel_sdk.egg-info/PKG-INFO
[0.257s] writing dependency_links to dynamixel_sdk.egg-info/dependency_links.txt
[0.257s] writing top-level names to dynamixel_sdk.egg-info/top_level.txt
[0.259s] reading manifest file 'dynamixel_sdk.egg-info/SOURCES.txt'
[0.260s] writing manifest file 'dynamixel_sdk.egg-info/SOURCES.txt'
[0.280s] [100%] Built target ament_cmake_python_build_dynamixel_sdk_egg
[0.299s] Invoked command in '/home/edgar/ros2_ws/build/dynamixel_sdk' returned '0': CMAKE_PREFIX_PATH=/home/edgar/ros2_ws/install/my_robot_controller:/home/edgar/install/my_robot_controller:/opt/ros/humble /usr/bin/cmake --build /home/edgar/ros2_ws/build/dynamixel_sdk -- -j20 -l20
[0.300s] Invoking command in '/home/edgar/ros2_ws/build/dynamixel_sdk': CMAKE_PREFIX_PATH=/home/edgar/ros2_ws/install/my_robot_controller:/home/edgar/install/my_robot_controller:/opt/ros/humble /usr/bin/cmake --install /home/edgar/ros2_ws/build/dynamixel_sdk
[0.308s] -- Install configuration: ""
[0.309s] -- Execute custom install script
[0.309s] -- Symlinking: /home/edgar/ros2_ws/install/dynamixel_sdk/include//dynamixel_sdk/dynamixel_sdk.h
[0.317s] -- Symlinking: /home/edgar/ros2_ws/install/dynamixel_sdk/include//dynamixel_sdk/group_bulk_read.h
[0.323s] -- Symlinking: /home/edgar/ros2_ws/install/dynamixel_sdk/include//dynamixel_sdk/group_bulk_write.h
[0.330s] -- Symlinking: /home/edgar/ros2_ws/install/dynamixel_sdk/include//dynamixel_sdk/group_fast_bulk_read.h
[0.339s] -- Symlinking: /home/edgar/ros2_ws/install/dynamixel_sdk/include//dynamixel_sdk/group_fast_sync_read.h
[0.346s] -- Symlinking: /home/edgar/ros2_ws/install/dynamixel_sdk/include//dynamixel_sdk/group_handler.h
[0.353s] -- Symlinking: /home/edgar/ros2_ws/install/dynamixel_sdk/include//dynamixel_sdk/group_sync_read.h
[0.359s] -- Symlinking: /home/edgar/ros2_ws/install/dynamixel_sdk/include//dynamixel_sdk/group_sync_write.h
[0.366s] -- Symlinking: /home/edgar/ros2_ws/install/dynamixel_sdk/include//dynamixel_sdk/packet_handler.h
[0.373s] -- Symlinking: /home/edgar/ros2_ws/install/dynamixel_sdk/include//dynamixel_sdk/port_handler.h
[0.378s] -- Symlinking: /home/edgar/ros2_ws/install/dynamixel_sdk/include//dynamixel_sdk/port_handler_arduino.h
[0.388s] -- Symlinking: /home/edgar/ros2_ws/install/dynamixel_sdk/include//dynamixel_sdk/port_handler_linux.h
[0.395s] -- Symlinking: /home/edgar/ros2_ws/install/dynamixel_sdk/include//dynamixel_sdk/port_handler_mac.h
[0.401s] -- Symlinking: /home/edgar/ros2_ws/install/dynamixel_sdk/include//dynamixel_sdk/port_handler_windows.h
[0.410s] -- Symlinking: /home/edgar/ros2_ws/install/dynamixel_sdk/include//dynamixel_sdk/protocol1_packet_handler.h
[0.418s] -- Symlinking: /home/edgar/ros2_ws/install/dynamixel_sdk/include//dynamixel_sdk/protocol2_packet_handler.h
[0.426s] -- Symlinking: /home/edgar/ros2_ws/install/dynamixel_sdk/lib/libdynamixel_sdk.so
[0.432s] -- Symlinking: /home/edgar/ros2_ws/install/dynamixel_sdk/share/dynamixel_sdk/environment/pythonpath.sh
[0.439s] -- Symlinking: /home/edgar/ros2_ws/install/dynamixel_sdk/share/dynamixel_sdk/environment/pythonpath.dsv
[0.447s] -- Symlinking: /home/edgar/ros2_ws/install/dynamixel_sdk/local/lib/python3.10/dist-packages/dynamixel_sdk-3.8.3-py3.10.egg-info/PKG-INFO
[0.457s] -- Symlinking: /home/edgar/ros2_ws/install/dynamixel_sdk/local/lib/python3.10/dist-packages/dynamixel_sdk-3.8.3-py3.10.egg-info/SOURCES.txt
[0.465s] -- Symlinking: /home/edgar/ros2_ws/install/dynamixel_sdk/local/lib/python3.10/dist-packages/dynamixel_sdk-3.8.3-py3.10.egg-info/dependency_links.txt
[0.472s] -- Symlinking: /home/edgar/ros2_ws/install/dynamixel_sdk/local/lib/python3.10/dist-packages/dynamixel_sdk-3.8.3-py3.10.egg-info/top_level.txt
[0.479s] -- Symlinking: /home/edgar/ros2_ws/install/dynamixel_sdk/local/lib/python3.10/dist-packages/dynamixel_sdk/__init__.py
[0.485s] -- Symlinking: /home/edgar/ros2_ws/install/dynamixel_sdk/local/lib/python3.10/dist-packages/dynamixel_sdk/group_bulk_read.cpp
[0.492s] -- Symlinking: /home/edgar/ros2_ws/install/dynamixel_sdk/local/lib/python3.10/dist-packages/dynamixel_sdk/group_bulk_read.py
[0.499s] -- Symlinking: /home/edgar/ros2_ws/install/dynamixel_sdk/local/lib/python3.10/dist-packages/dynamixel_sdk/group_bulk_write.cpp
[0.505s] -- Symlinking: /home/edgar/ros2_ws/install/dynamixel_sdk/local/lib/python3.10/dist-packages/dynamixel_sdk/group_bulk_write.py
[0.511s] -- Symlinking: /home/edgar/ros2_ws/install/dynamixel_sdk/local/lib/python3.10/dist-packages/dynamixel_sdk/group_fast_bulk_read.cpp
[0.521s] -- Symlinking: /home/edgar/ros2_ws/install/dynamixel_sdk/local/lib/python3.10/dist-packages/dynamixel_sdk/group_fast_sync_read.cpp
[0.529s] -- Symlinking: /home/edgar/ros2_ws/install/dynamixel_sdk/local/lib/python3.10/dist-packages/dynamixel_sdk/group_handler.cpp
[0.537s] -- Symlinking: /home/edgar/ros2_ws/install/dynamixel_sdk/local/lib/python3.10/dist-packages/dynamixel_sdk/group_sync_read.cpp
[0.543s] -- Symlinking: /home/edgar/ros2_ws/install/dynamixel_sdk/local/lib/python3.10/dist-packages/dynamixel_sdk/group_sync_read.py
[0.552s] -- Symlinking: /home/edgar/ros2_ws/install/dynamixel_sdk/local/lib/python3.10/dist-packages/dynamixel_sdk/group_sync_write.cpp
[0.560s] -- Symlinking: /home/edgar/ros2_ws/install/dynamixel_sdk/local/lib/python3.10/dist-packages/dynamixel_sdk/group_sync_write.py
[0.569s] -- Symlinking: /home/edgar/ros2_ws/install/dynamixel_sdk/local/lib/python3.10/dist-packages/dynamixel_sdk/packet_handler.cpp
[0.575s] -- Symlinking: /home/edgar/ros2_ws/install/dynamixel_sdk/local/lib/python3.10/dist-packages/dynamixel_sdk/packet_handler.py
[0.585s] -- Symlinking: /home/edgar/ros2_ws/install/dynamixel_sdk/local/lib/python3.10/dist-packages/dynamixel_sdk/port_handler.cpp
[0.595s] -- Symlinking: /home/edgar/ros2_ws/install/dynamixel_sdk/local/lib/python3.10/dist-packages/dynamixel_sdk/port_handler.py
[0.603s] -- Symlinking: /home/edgar/ros2_ws/install/dynamixel_sdk/local/lib/python3.10/dist-packages/dynamixel_sdk/port_handler_arduino.cpp
[0.612s] -- Symlinking: /home/edgar/ros2_ws/install/dynamixel_sdk/local/lib/python3.10/dist-packages/dynamixel_sdk/port_handler_linux.cpp
[0.619s] -- Symlinking: /home/edgar/ros2_ws/install/dynamixel_sdk/local/lib/python3.10/dist-packages/dynamixel_sdk/port_handler_mac.cpp
[0.628s] -- Symlinking: /home/edgar/ros2_ws/install/dynamixel_sdk/local/lib/python3.10/dist-packages/dynamixel_sdk/port_handler_windows.cpp
[0.635s] -- Symlinking: /home/edgar/ros2_ws/install/dynamixel_sdk/local/lib/python3.10/dist-packages/dynamixel_sdk/protocol1_packet_handler.cpp
[0.642s] -- Symlinking: /home/edgar/ros2_ws/install/dynamixel_sdk/local/lib/python3.10/dist-packages/dynamixel_sdk/protocol1_packet_handler.py
[0.651s] -- Symlinking: /home/edgar/ros2_ws/install/dynamixel_sdk/local/lib/python3.10/dist-packages/dynamixel_sdk/protocol2_packet_handler.cpp
[0.661s] -- Symlinking: /home/edgar/ros2_ws/install/dynamixel_sdk/local/lib/python3.10/dist-packages/dynamixel_sdk/protocol2_packet_handler.py
[0.668s] -- Symlinking: /home/edgar/ros2_ws/install/dynamixel_sdk/local/lib/python3.10/dist-packages/dynamixel_sdk/robotis_def.py
[0.674s] -- Symlinking: /home/edgar/ros2_ws/install/dynamixel_sdk/share/dynamixel_sdk/environment/library_path.sh
[0.681s] -- Symlinking: /home/edgar/ros2_ws/install/dynamixel_sdk/share/dynamixel_sdk/environment/library_path.dsv
[0.689s] -- Symlinking: /home/edgar/ros2_ws/install/dynamixel_sdk/share/ament_index/resource_index/package_run_dependencies/dynamixel_sdk
[0.699s] -- Symlinking: /home/edgar/ros2_ws/install/dynamixel_sdk/share/ament_index/resource_index/parent_prefix_path/dynamixel_sdk
[0.710s] -- Symlinking: /home/edgar/ros2_ws/install/dynamixel_sdk/share/dynamixel_sdk/environment/ament_prefix_path.sh
[0.716s] -- Symlinking: /home/edgar/ros2_ws/install/dynamixel_sdk/share/dynamixel_sdk/environment/ament_prefix_path.dsv
[0.724s] -- Symlinking: /home/edgar/ros2_ws/install/dynamixel_sdk/share/dynamixel_sdk/environment/path.sh
[0.732s] -- Symlinking: /home/edgar/ros2_ws/install/dynamixel_sdk/share/dynamixel_sdk/environment/path.dsv
[0.739s] -- Symlinking: /home/edgar/ros2_ws/install/dynamixel_sdk/share/dynamixel_sdk/local_setup.bash
[0.745s] -- Symlinking: /home/edgar/ros2_ws/install/dynamixel_sdk/share/dynamixel_sdk/local_setup.sh
[0.753s] -- Symlinking: /home/edgar/ros2_ws/install/dynamixel_sdk/share/dynamixel_sdk/local_setup.zsh
[0.763s] -- Symlinking: /home/edgar/ros2_ws/install/dynamixel_sdk/share/dynamixel_sdk/local_setup.dsv
[0.771s] -- Symlinking: /home/edgar/ros2_ws/install/dynamixel_sdk/share/dynamixel_sdk/package.dsv
[0.781s] -- Symlinking: /home/edgar/ros2_ws/install/dynamixel_sdk/share/ament_index/resource_index/packages/dynamixel_sdk
[0.787s] -- Symlinking: /home/edgar/ros2_ws/install/dynamixel_sdk/share/dynamixel_sdk/cmake/ament_cmake_export_include_directories-extras.cmake
[0.796s] -- Symlinking: /home/edgar/ros2_ws/install/dynamixel_sdk/share/dynamixel_sdk/cmake/ament_cmake_export_libraries-extras.cmake
[0.806s] -- Symlinking: /home/edgar/ros2_ws/install/dynamixel_sdk/share/dynamixel_sdk/cmake/dynamixel_sdkConfig.cmake
[0.812s] -- Symlinking: /home/edgar/ros2_ws/install/dynamixel_sdk/share/dynamixel_sdk/cmake/dynamixel_sdkConfig-version.cmake
[0.819s] -- Symlinking: /home/edgar/ros2_ws/install/dynamixel_sdk/share/dynamixel_sdk/package.xml
[0.863s] Listing '/home/edgar/ros2_ws/install/dynamixel_sdk/local/lib/python3.10/dist-packages/dynamixel_sdk'...
[0.863s] Compiling '/home/edgar/ros2_ws/install/dynamixel_sdk/local/lib/python3.10/dist-packages/dynamixel_sdk/__init__.py'...
[0.863s] Compiling '/home/edgar/ros2_ws/install/dynamixel_sdk/local/lib/python3.10/dist-packages/dynamixel_sdk/group_bulk_read.py'...
[0.863s] Compiling '/home/edgar/ros2_ws/install/dynamixel_sdk/local/lib/python3.10/dist-packages/dynamixel_sdk/group_bulk_write.py'...
[0.863s] Compiling '/home/edgar/ros2_ws/install/dynamixel_sdk/local/lib/python3.10/dist-packages/dynamixel_sdk/group_sync_read.py'...
[0.864s] Compiling '/home/edgar/ros2_ws/install/dynamixel_sdk/local/lib/python3.10/dist-packages/dynamixel_sdk/group_sync_write.py'...
[0.864s] Compiling '/home/edgar/ros2_ws/install/dynamixel_sdk/local/lib/python3.10/dist-packages/dynamixel_sdk/packet_handler.py'...
[0.864s] Compiling '/home/edgar/ros2_ws/install/dynamixel_sdk/local/lib/python3.10/dist-packages/dynamixel_sdk/port_handler.py'...
[0.864s] Compiling '/home/edgar/ros2_ws/install/dynamixel_sdk/local/lib/python3.10/dist-packages/dynamixel_sdk/protocol1_packet_handler.py'...
[0.864s] Compiling '/home/edgar/ros2_ws/install/dynamixel_sdk/local/lib/python3.10/dist-packages/dynamixel_sdk/protocol2_packet_handler.py'...
[0.864s] Compiling '/home/edgar/ros2_ws/install/dynamixel_sdk/local/lib/python3.10/dist-packages/dynamixel_sdk/robotis_def.py'...
[0.869s] Invoked command in '/home/edgar/ros2_ws/build/dynamixel_sdk' returned '0': CMAKE_PREFIX_PATH=/home/edgar/ros2_ws/install/my_robot_controller:/home/edgar/install/my_robot_controller:/opt/ros/humble /usr/bin/cmake --install /home/edgar/ros2_ws/build/dynamixel_sdk
